<?xml version="1.0" encoding="UTF-8"?>
<!-- Generated by org.testng.reporters.JUnitXMLReporter -->
<testsuite ignored="0" hostname="DESKTOP-2ED7NG6" failures="0" tests="3" name="Test" time="17.805" errors="0" timestamp="29 Apr 2022 11:41:22 GMT">
  <testcase classname="com.expoplatdemo.tests.TC001VerifyLaunchToDoListAppUIElementsTest" name="tc001VerifyLaunchToDoListAppUIElementsTest" time="0.465"/>
  <testcase classname="com.expoplatdemo.tests.TC002VerifyForCreatingTaskTest" name="tc002VerifyForCreatingTaskTest" time="1.853"/>
  <testcase classname="com.expoplatdemo.tests.TC0010VerifyForDeleteTaskForAllListingTest" name="tc0010VerifyForDeleteTaskForAllListingTest" time="2.822"/>
</testsuite> <!-- Test -->
